*design* DebussyLib (btIdent Verdi_W-2024.09-SP1)
Command arguments:
    +define+verilog
    -2012
    -ntb_opts uvm-1.2
    -ssv
    -ssy
    -ssz
    -sv
    -f flist.f
        ./../00_src/config.v
        ./../00_src/piton/design/chipset/axi_lite_slave_rf/rtl/axi_lite_slave_rf.v
        ./../00_src/piton/design/chipset/io_ctrl/rtl/bram_map.v
        ./../00_src/piton/design/chipset/io_ctrl/rtl/ciop_iob.v
        ./../00_src/piton/design/chipset/io_ctrl/rtl/eth_top.v
        ./../00_src/piton/design/chipset/io_xbar/components/rtl/io_xbar_one_of_n.tmp.v
        ./../00_src/piton/design/chipset/io_xbar/components/rtl/io_xbar_one_of_n_plus_3.tmp.v
        ./../00_src/piton/design/chipset/io_xbar/components/rtl/io_xbar_bus_compare_equal.v
        ./../00_src/piton/design/chipset/io_xbar/components/rtl/io_xbar_flip_bus.v
        ./../00_src/piton/design/chipset/io_xbar/components/rtl/io_xbar_net_dff.v
        ./../00_src/piton/design/chipset/io_xbar/dynamic/rtl/io_xbar_input_control.tmp.v
        ./../00_src/piton/design/chipset/io_xbar/dynamic/rtl/io_xbar_input_route_request_calc.tmp.v
        ./../00_src/piton/design/chipset/io_xbar/dynamic/rtl/io_xbar_input_top_16.tmp.v
        ./../00_src/piton/design/chipset/io_xbar/dynamic/rtl/io_xbar_input_top_4.tmp.v
        ./../00_src/piton/design/chipset/io_xbar/dynamic/rtl/io_xbar_output_control.tmp.v
        ./../00_src/piton/design/chipset/io_xbar/dynamic/rtl/io_xbar_output_datapath.tmp.v
        ./../00_src/piton/design/chipset/io_xbar/dynamic/rtl/io_xbar_output_top.tmp.v
        ./../00_src/piton/design/chipset/io_xbar/common/rtl/io_xbar_space_avail_top.v
        ./../00_src/piton/design/chipset/io_xbar/rtl/io_xbar_top.tmp.v
        ./../00_src/piton/design/chipset/io_xbar/rtl/io_xbar_top_wrap.tmp.v
        ./../00_src/piton/design/chipset/noc_axilite_bridge/rtl/noc_axilite_bridge.v
        ./../00_src/piton/verif/env/common/fake_mem_ctrl.v
        +incdir+./../00_src/piton/verif/env/manycore/../../../design/include
        +incdir+./../00_src/piton/verif/env/manycore/../../../design/chipset/include
        +incdir+./../00_src/piton/verif/env/manycore/.
        ./../00_src/piton/verif/env/manycore/cross_module.tmp.h
        ./../00_src/piton/verif/env/manycore/manycore_network_mon.tmp.v
        ./../00_src/piton/verif/env/manycore/sas_intf.v
        ./../00_src/piton/verif/env/manycore/monitor.tmp.v
        ./../00_src/piton/verif/env/manycore/sas_tasks.tmp.v
        ./../00_src/piton/verif/env/manycore/pc_cmp.tmp.v
        ./../00_src/piton/verif/env/manycore/sas_task.v
        ./../00_src/piton/verif/env/manycore/l_cache_mon.v
        ./../00_src/piton/verif/env/manycore/thrfsm_mon.v
        ./../00_src/piton/verif/env/manycore/sparc_pipe_flow.v
        ./../00_src/piton/verif/env/manycore/multicycle_mon.tmp.v
        ./../00_src/piton/verif/env/manycore/dmbr_mon.tmp.v
        ./../00_src/piton/verif/env/manycore/cmp_pcxandcpx.v
        ./../00_src/piton/verif/env/manycore/tso_mon.tmp.v
        ./../00_src/piton/verif/env/manycore/lsu_mon.tmp.v
        ./../00_src/piton/verif/env/manycore/lsu_mon2.tmp.v
        ./../00_src/piton/verif/env/manycore/exu_mon.v
        ./../00_src/piton/verif/env/manycore/mask_mon.v
        ./../00_src/piton/verif/env/manycore/pc_muxsel_mon.v
        ./../00_src/piton/verif/env/manycore/nukeint_mon.v
        ./../00_src/piton/verif/env/manycore/stb_ovfl_mon.v
        ./../00_src/piton/verif/env/manycore/icache_mutex_mon.v
        ./../00_src/piton/verif/env/manycore/nc_inv_chk.v
        ./../00_src/piton/verif/env/manycore/tlu_mon.v
        ./../00_src/piton/verif/env/manycore/softint_mon.v
        ./../00_src/piton/verif/env/manycore/slam_init.tmp.v
        ./../00_src/piton/verif/env/manycore/ciop_iob.tmp.v
        ./../00_src/piton/verif/env/manycore/cmp_l15_messages_mon.tmp.v
        ./../00_src/piton/verif/env/manycore/jtag_mon.tmp.v
        ./../00_src/piton/verif/env/manycore/l2_mon.tmp.v
        ./../00_src/piton/verif/env/manycore/async_fifo_mon.tmp.v
        ./../00_src/piton/verif/env/manycore/iob_mon.v
        ./../00_src/piton/verif/env/manycore/fake_pll.v
        ./../00_src/piton/verif/env/manycore/manycore_top.tmp.v
        ./../00_src/piton/verif/env/manycore/fake_uart.v
        ./../00_src/piton/design/chip/chip_bridge/rtl/sync_fifo.v
        ./../00_src/piton/design/chip/chip_bridge/rtl/chip_bridge_rcv_32.v
        ./../00_src/piton/design/chip/chip_bridge/rtl/chip_bridge_send_32.v
        ./../00_src/piton/design/chip/chip_bridge/rtl/chip_net_chooser_32.v
        ./../00_src/piton/design/chip/chip_bridge/rtl/chip_bridge.v
        ./../00_src/piton/design/common/fpga_bridge/fpga_rcv/rtl/fpga_bridge_rcv_32.v
        ./../00_src/piton/design/common/fpga_bridge/fpga_send/rtl/fpga_bridge_send_32.v
        ./../00_src/piton/design/common/fpga_bridge/fpga_send/rtl/fpga_net_chooser_32.v
        ./../00_src/piton/design/common/fpga_bridge/rtl/fpga_bridge.v
        ./../00_src/piton/design/chipset/rtl/chipset.v
        ./../00_src/piton/design/chipset/rtl/chipset_impl.tmp.v
        ./../00_src/piton/design/chipset/rtl/chipset_impl_noc_power_test.v
        ./../00_src/piton/design/chipset/rtl/storage_addr_trans.tmp.v
        ./../00_src/piton/design/chipset/rtl/storage_addr_trans_unified.tmp.v
        ./../00_src/piton/design/chipset/rtl/packet_filter.tmp.v
        ./../00_src/piton/design/chip/tile/l2/rtl/l2.v
        ./../00_src/piton/design/chip/tile/l2/rtl/l2_amo_alu.v
        ./../00_src/piton/design/chip/tile/l2/rtl/l2_data.v
        ./../00_src/piton/design/chip/tile/l2/rtl/l2_data_wrap.v
        ./../00_src/piton/design/chip/tile/l2/rtl/l2_data_pgen.tmp.v
        ./../00_src/piton/design/chip/tile/l2/rtl/l2_data_ecc.tmp.v
        ./../00_src/piton/design/chip/tile/l2/rtl/l2_decoder.v
        ./../00_src/piton/design/chip/tile/l2/rtl/l2_dir.v
        ./../00_src/piton/design/chip/tile/l2/rtl/l2_dir_wrap.v
        ./../00_src/piton/design/chip/tile/l2/rtl/l2_encoder.v
        ./../00_src/piton/design/chip/tile/l2/rtl/l2_mshr.tmp.v
        ./../00_src/piton/design/chip/tile/l2/rtl/l2_mshr_decoder.v
        ./../00_src/piton/design/chip/tile/l2/rtl/l2_mshr_wrap.tmp.v
        ./../00_src/piton/design/chip/tile/l2/rtl/l2_pipe1.v
        ./../00_src/piton/design/chip/tile/l2/rtl/l2_pipe1_buf_in.tmp.v
        ./../00_src/piton/design/chip/tile/l2/rtl/l2_pipe1_buf_out.tmp.v
        ./../00_src/piton/design/chip/tile/l2/rtl/l2_pipe1_ctrl.tmp.v
        ./../00_src/piton/design/chip/tile/l2/rtl/l2_pipe1_dpath.tmp.v
        ./../00_src/piton/design/chip/tile/l2/rtl/l2_pipe2.v
        ./../00_src/piton/design/chip/tile/l2/rtl/l2_pipe2_buf_in.tmp.v
        ./../00_src/piton/design/chip/tile/l2/rtl/l2_pipe2_ctrl.tmp.v
        ./../00_src/piton/design/chip/tile/l2/rtl/l2_pipe2_dpath.tmp.v
        ./../00_src/piton/design/chip/tile/l2/rtl/l2_state.tmp.v
        ./../00_src/piton/design/chip/tile/l2/rtl/l2_state_wrap.v
        ./../00_src/piton/design/chip/tile/l2/rtl/l2_tag.v
        ./../00_src/piton/design/chip/tile/l2/rtl/l2_tag_wrap.v
        ./../00_src/piton/design/chip/tile/l2/rtl/l2_smc.tmp.v
        ./../00_src/piton/design/chip/tile/l2/rtl/l2_smc_wrap.v
        ./../00_src/piton/design/chip/tile/l2/rtl/l2_config_regs.v
        ./../00_src/piton/design/chip/tile/l2/rtl/l2_priority_encoder.tmp.v
        ./../00_src/piton/design/chip/tile/l2/rtl/l2_broadcast_counter.v
        ./../00_src/piton/design/chip/tile/l2/rtl/l2_broadcast_counter_wrap.v
        ./../00_src/piton/design/chip/tile/l2/rtl/sram_wrappers/sram_l2_tag.tmp.v
        ./../00_src/piton/design/chip/tile/l2/rtl/sram_wrappers/sram_l2_data.tmp.v
        ./../00_src/piton/design/chip/tile/l2/rtl/sram_wrappers/sram_l2_state.tmp.v
        ./../00_src/piton/design/chip/tile/l2/rtl/sram_wrappers/sram_l2_dir.tmp.v
        ./../00_src/piton/design/chip/tile/dynamic_node/dynamic/rtl/dynamic_input_control.v
        ./../00_src/piton/design/chip/tile/dynamic_node/dynamic/rtl/dynamic_input_route_request_calc.v
        ./../00_src/piton/design/chip/tile/dynamic_node/dynamic/rtl/dynamic_input_top_16.v
        ./../00_src/piton/design/chip/tile/dynamic_node/dynamic/rtl/dynamic_input_top_4.v
        ./../00_src/piton/design/chip/tile/dynamic_node/dynamic/rtl/dynamic_output_control.v
        ./../00_src/piton/design/chip/tile/dynamic_node/dynamic/rtl/dynamic_output_datapath.v
        ./../00_src/piton/design/chip/tile/dynamic_node/dynamic/rtl/dynamic_output_top.v
        ./../00_src/piton/design/chip/tile/dynamic_node/dynamic/rtl/dynamic_input_control_para.tmp.v
        ./../00_src/piton/design/chip/tile/dynamic_node/dynamic/rtl/dynamic_input_route_request_calc_para.tmp.v
        ./../00_src/piton/design/chip/tile/dynamic_node/dynamic/rtl/dynamic_input_top_16_para.tmp.v
        ./../00_src/piton/design/chip/tile/dynamic_node/dynamic/rtl/dynamic_input_top_4_para.tmp.v
        ./../00_src/piton/design/chip/tile/dynamic_node/dynamic/rtl/dynamic_output_control_para.tmp.v
        ./../00_src/piton/design/chip/tile/dynamic_node/dynamic/rtl/dynamic_output_datapath_para.tmp.v
        ./../00_src/piton/design/chip/tile/dynamic_node/dynamic/rtl/dynamic_output_top_para.tmp.v
        ./../00_src/piton/design/chip/tile/dynamic_node/components/rtl/bus_compare_equal.v
        ./../00_src/piton/design/chip/tile/dynamic_node/components/rtl/flip_bus.v
        ./../00_src/piton/design/chip/tile/dynamic_node/components/rtl/one_of_eight.v
        ./../00_src/piton/design/chip/tile/dynamic_node/components/rtl/one_of_five.v
        ./../00_src/piton/design/chip/tile/dynamic_node/components/rtl/one_of_n.tmp.v
        ./../00_src/piton/design/chip/tile/dynamic_node/components/rtl/one_of_n_plus_3.tmp.v
        ./../00_src/piton/design/chip/tile/dynamic_node/components/rtl/net_dff.v
        ./../00_src/piton/design/chip/tile/dynamic_node/common/rtl/network_input_blk_multi_out.v
        ./../00_src/piton/design/chip/tile/dynamic_node/common/rtl/space_avail_top.v
        ./../00_src/piton/design/chip/tile/dynamic_node/rtl/dynamic_node_top_wrap.v
        ./../00_src/piton/design/chip/tile/dynamic_node/rtl/dynamic_node_top.v
        ./../00_src/piton/design/chip/tile/dynamic_node/rtl/dynamic_node_top_wrap_para.tmp.v
        ./../00_src/piton/design/chip/tile/dynamic_node/rtl/dynamic_node_top_para.tmp.v
        ./../00_src/piton/design/chip/tile/dmbr/rtl/dmbr.tmp.v
        ./../00_src/piton/design/chip/tile/common/srams/rtl/bw_r_rf16x160.v
        ./../00_src/piton/design/chip/tile/common/rtl/credit_to_valrdy.v
        ./../00_src/piton/design/chip/tile/common/rtl/valrdy_to_credit.v
        ./../00_src/piton/design/chip/tile/common/rtl/flat_id_to_xy.tmp.v
        ./../00_src/piton/design/chip/tile/common/rtl/xy_to_flat_id.tmp.v
        ./../00_src/piton/design/chip/tile/common/rtl/ucb_bus_in.v
        ./../00_src/piton/design/chip/tile/common/rtl/ucb_bus_out.v
        ./../00_src/piton/design/chip/tile/common/rtl/ucb_flow_2buf.v
        ./../00_src/piton/design/chip/tile/common/rtl/ucb_flow_spi.v
        ./../00_src/piton/design/chip/tile/common/rtl/ucb_noflow.v
        ./../00_src/piton/design/chip/tile/common/rtl/cluster_header.v
        ./../00_src/piton/design/chip/tile/common/rtl/cluster_header_sync.v
        ./../00_src/piton/design/chip/tile/common/rtl/cluster_header_dup.v
        ./../00_src/piton/design/chip/tile/common/rtl/cluster_header_ctu.v
        ./../00_src/piton/design/chip/tile/common/rtl/synchronizer_asr.v
        ./../00_src/piton/design/chip/tile/common/rtl/synchronizer_asr_dup.v
        ./../00_src/piton/design/chip/tile/common/rtl/sync_pulse_synchronizer.v
        ./../00_src/piton/design/chip/tile/common/rtl/clk_gating_latch.v
        ./../00_src/piton/design/chip/tile/common/rtl/swrvr_dlib.v
        ./../00_src/piton/design/chip/tile/common/rtl/mul64.v
        ./../00_src/piton/design/chip/tile/common/rtl/swrvr_clib.v
        ./../00_src/piton/design/chip/tile/common/rtl/u1.beh.v
        ./../00_src/piton/design/chip/tile/common/rtl/m1.beh.v
        ./../00_src/piton/design/chip/tile/pico/rtl/picorv32.v
        ./../00_src/piton/design/chip/tile/pico/rtl/pico_reset.v
        ./../00_src/piton/design/chip/tile/l15/rtl/l15_wrap.v
        ./../00_src/piton/design/chip/tile/l15/rtl/l15.v
        ./../00_src/piton/design/chip/tile/l15/rtl/l15_mshr.tmp.v
        ./../00_src/piton/design/chip/tile/l15/rtl/l15_pipeline.tmp.v
        ./../00_src/piton/design/chip/tile/l15/rtl/rf_l15_lruarray.tmp.v
        ./../00_src/piton/design/chip/tile/l15/rtl/rf_l15_mesi.tmp.v
        ./../00_src/piton/design/chip/tile/l15/rtl/rf_l15_lrsc_flag.tmp.v
        ./../00_src/piton/design/chip/tile/l15/rtl/rf_l15_wmt.tmp.v
        ./../00_src/piton/design/chip/tile/l15/rtl/l15_cpxencoder.v
        ./../00_src/piton/design/chip/tile/l15/rtl/pcx_buffer.v
        ./../00_src/piton/design/chip/tile/l15/rtl/pcx_decoder.v
        ./../00_src/piton/design/chip/tile/l15/rtl/noc1encoder.v
        ./../00_src/piton/design/chip/tile/l15/rtl/noc1buffer.tmp.v
        ./../00_src/piton/design/chip/tile/l15/rtl/noc3encoder.v
        ./../00_src/piton/design/chip/tile/l15/rtl/noc3buffer.v
        ./../00_src/piton/design/chip/tile/l15/rtl/noc2decoder.v
        ./../00_src/piton/design/chip/tile/l15/rtl/simplenocbuffer.v
        ./../00_src/piton/design/chip/tile/l15/rtl/l15_csm.tmp.v
        ./../00_src/piton/design/chip/tile/l15/rtl/l15_hmc.tmp.v
        ./../00_src/piton/design/chip/tile/l15/rtl/l15_home_encoder.tmp.v
        ./../00_src/piton/design/chip/tile/l15/rtl/l15_priority_encoder.tmp.v
        ./../00_src/piton/design/chip/tile/l15/rtl/sram_wrappers/sram_l15_tag.tmp.v
        ./../00_src/piton/design/chip/tile/l15/rtl/sram_wrappers/sram_l15_data.tmp.v
        ./../00_src/piton/design/chip/tile/l15/rtl/sram_wrappers/sram_l15_hmt.tmp.v
        ./../00_src/piton/design/chip/tile/l15/rtl/pico_decoder.v
        ./../00_src/piton/design/chip/tile/l15/rtl/l15_picoencoder.v
        ./../00_src/piton/design/chip/tile/rtap/rtl/rtap.v
        ./../00_src/piton/design/chip/tile/rtap/rtl/rtap_ucb_receiver.v
        ./../00_src/piton/design/chip/tile/rtap/rtl/rtap_ucb_transmitter.v
        ./../00_src/piton/design/chip/tile/rtl/config_regs.tmp.v
        ./../00_src/piton/design/chip/tile/rtl/cpx_arbitrator.v
        ./../00_src/piton/design/chip/tile/rtl/tile.tmp.v
        ./../00_src/piton/design/chip/tile/rtl/ccx_l15_transducer.v
        ./../00_src/piton/design/chip/tile/rtl/pico_l15_transducer.v
        ./../00_src/piton/design/chip/jtag/rtl/jtag.v
        ./../00_src/piton/design/chip/jtag/rtl/jtag_interface.v
        ./../00_src/piton/design/chip/jtag/rtl/jtag_interface_tap.v
        ./../00_src/piton/design/chip/jtag/rtl/jtag_ctap.v
        ./../00_src/piton/design/chip/jtag/rtl/jtag_ucb_receiver.v
        ./../00_src/piton/design/chip/jtag/rtl/jtag_ucb_transmitter.v
        ./../00_src/piton/design/chip/pll/rtl/clk_mux.v
        ./../00_src/piton/design/chip/pll/rtl/clk_se_to_diff.v
        ./../00_src/piton/design/chip/pll/rtl/pll_top.v
        ./../00_src/piton/design/chip/rtl/chip.tmp.v
        ./../00_src/piton/design/chip/rtl/OCI.v
        ./../00_src/piton/design/rtl/system.v
        ./../00_src/piton/design/chipset/include/mc_define.h
        ./../00_src/piton/design/chipset/include/uart16550_define.vh
        ./../00_src/piton/design/chipset/include/chipset_define.vh
        ./../00_src/piton/design/common/rtl/chip_rst_seq.v
        ./../00_src/piton/design/common/rtl/alarm_counter.v
        ./../00_src/piton/design/common/rtl/async_fifo.v
        ./../00_src/piton/design/common/rtl/bram_1rw_wrapper.v
        ./../00_src/piton/design/common/rtl/bram_1r1w_wrapper.v
        ./../00_src/piton/design/common/rtl/synchronizer.v
        ./../00_src/piton/design/common/rtl/noc_prio_merger.tmp.v
        ./../00_src/piton/design/common/rtl/noc_fbits_splitter.tmp.v
        ./../00_src/piton/design/common/rtl/noc_simple_merger.v
        ./../00_src/piton/design/common/rtl/noc_simple_splitter.v
        ./../00_src/piton/design/common/rtl/sync_fifo_vr.v
        ./../00_src/piton/design/include/define.tmp.h
        ./../00_src/piton/design/include/l2.tmp.h
        ./../00_src/piton/design/include/l15.tmp.h
        ./../00_src/piton/design/include/lsu.tmp.h
        ./../00_src/piton/design/include/ifu.tmp.h
    -top
    cmp_top


*Warning* most significant bit in part-select is out of range
"./../00_src/piton/verif/env/manycore/ciop_iob.tmp.v", 265: 

*Warning* most significant bit in part-select is out of range
"./../00_src/piton/verif/env/manycore/ciop_iob.tmp.v", 265: 

*Warning* most significant bit in part-select is out of range
"./../00_src/piton/verif/env/manycore/ciop_iob.tmp.v", 270: 

*Warning* most significant bit in part-select is out of range
"./../00_src/piton/verif/env/manycore/ciop_iob.tmp.v", 270: 
Highest level modules:
uvm_custom_install_recording
uvm_custom_install_verdi_recording
axi_lite_slave_rf
bram_map
ciop_iob
eth_top
io_xbar_input_top_16
sas_intf
sas_tasks
sas_task
l_cache_mon
thrfsm_mon
sparc_pipe_flow
multicycle_mon
cmp_pcxandcpx
lsu_mon
lsu_mon2
count12bits
exu_mon
mask_mon
pc_muxsel_mon
nukeint_mon
stb_ovfl_mon
icache_mutex_mon
nc_inv_chk
tlu_mon
softint_mon
slam_init
async_fifo_mon
cmp_top
chipset_impl_noc_power_test
storage_addr_trans
storage_addr_trans_unified
l2_mshr
dynamic_input_top_16_para
dynamic_node_top_wrap_para
bw_r_rf16x160
ucb_flow_2buf
ucb_flow_spi
ucb_noflow
cluster_header
cluster_header_sync
cluster_header_dup
cluster_header_ctu
sync_pulse_synchronizer
dp_mux4ds
dp_mux5ds
dp_mux8ds
dp_mux3ds
dp_mux2ds
dp_buffer
mul64
dff_sscan
dffrl_s
dffr_ns
dffe_s
dffre_s
dffrle_s
dffre_ns
dffr_async
dffrl_async
mux2ds
mux3ds
mux4ds
sink
source
dffsl_ns
dffr_ns_r1
dffr_async_ns
dffr_async_ns_r1
dffr_async_ns_cl_r1
bw_u1_inv_0p6x
bw_u1_inv_1x
bw_u1_inv_1p4x
bw_u1_inv_2x
bw_u1_inv_3x
bw_u1_inv_4x
bw_u1_inv_5x
bw_u1_inv_8x
bw_u1_inv_10x
bw_u1_inv_15x
bw_u1_inv_20x
bw_u1_inv_30x
bw_u1_inv_40x
bw_u1_invh_15x
bw_u1_invh_25x
bw_u1_invh_30x
bw_u1_invh_50x
bw_u1_invh_60x
bw_u1_nand2_0p4x
bw_u1_nand2_0p6x
bw_u1_nand2_1x
bw_u1_nand2_1p4x
bw_u1_nand2_2x
bw_u1_nand2_3x
bw_u1_nand2_4x
bw_u1_nand2_5x
bw_u1_nand2_7x
bw_u1_nand2_10x
bw_u1_nand2_15x
bw_u1_nand3_0p4x
bw_u1_nand3_0p6x
bw_u1_nand3_1x
bw_u1_nand3_1p4x
bw_u1_nand3_2x
bw_u1_nand3_3x
bw_u1_nand3_4x
bw_u1_nand3_5x
bw_u1_nand3_7x
bw_u1_nand3_10x
bw_u1_nand4_0p6x
bw_u1_nand4_1x
bw_u1_nand4_1p4x
bw_u1_nand4_2x
bw_u1_nand4_3x
bw_u1_nand4_4x
bw_u1_nand4_6x
bw_u1_nand4_8x
bw_u1_nor2_0p6x
bw_u1_nor2_1x
bw_u1_nor2_1p4x
bw_u1_nor2_2x
bw_u1_nor2_3x
bw_u1_nor2_4x
bw_u1_nor2_6x
bw_u1_nor2_8x
bw_u1_nor2_12x
bw_u1_nor3_0p6x
bw_u1_nor3_1x
bw_u1_nor3_1p4x
bw_u1_nor3_2x
bw_u1_nor3_3x
bw_u1_nor3_4x
bw_u1_nor3_6x
bw_u1_nor3_8x
bw_u1_aoi21_0p4x
bw_u1_aoi21_1x
bw_u1_aoi21_2x
bw_u1_aoi21_4x
bw_u1_aoi21_8x
bw_u1_aoi21_12x
bw_u1_aoi22_0p4x
bw_u1_aoi22_1x
bw_u1_aoi22_2x
bw_u1_aoi22_4x
bw_u1_aoi22_8x
bw_u1_aoi211_0p3x
bw_u1_aoi211_1x
bw_u1_aoi211_2x
bw_u1_aoi211_4x
bw_u1_aoi211_8x
bw_u1_oai21_0p4x
bw_u1_oai21_1x
bw_u1_oai21_2x
bw_u1_oai21_4x
bw_u1_oai21_8x
bw_u1_oai21_12x
bw_u1_oai22_0p4x
bw_u1_oai22_1x
bw_u1_oai22_2x
bw_u1_oai22_4x
bw_u1_oai22_8x
bw_u1_oai211_0p3x
bw_u1_oai211_1x
bw_u1_oai211_2x
bw_u1_oai211_4x
bw_u1_oai211_8x
bw_u1_aoi31_1x
bw_u1_aoi31_2x
bw_u1_aoi31_4x
bw_u1_aoi31_8x
bw_u1_aoi32_1x
bw_u1_aoi32_2x
bw_u1_aoi32_4x
bw_u1_aoi32_8x
bw_u1_aoi33_1x
bw_u1_aoi33_2x
bw_u1_aoi33_4x
bw_u1_aoi33_8x
bw_u1_aoi221_1x
bw_u1_aoi221_2x
bw_u1_aoi221_4x
bw_u1_aoi221_8x
bw_u1_aoi222_1x
bw_u1_aoi222_2x
bw_u1_aoi222_4x
bw_u1_aoi311_1x
bw_u1_aoi311_2x
bw_u1_aoi311_4x
bw_u1_aoi311_8x
bw_u1_oai31_1x
bw_u1_oai31_2x
bw_u1_oai31_4x
bw_u1_oai31_8x
bw_u1_oai32_1x
bw_u1_oai32_2x
bw_u1_oai32_4x
bw_u1_oai32_8x
bw_u1_oai33_1x
bw_u1_oai33_2x
bw_u1_oai33_4x
bw_u1_oai33_8x
bw_u1_oai221_1x
bw_u1_oai221_2x
bw_u1_oai221_4x
bw_u1_oai221_8x
bw_u1_oai222_1x
bw_u1_oai222_2x
bw_u1_oai222_4x
bw_u1_oai311_1x
bw_u1_oai311_2x
bw_u1_oai311_4x
bw_u1_oai311_8x
bw_u1_muxi21_0p6x
bw_u1_muxi21_1x
bw_u1_muxi21_2x
bw_u1_muxi21_4x
bw_u1_muxi21_6x
bw_u1_muxi31d_4x
bw_u1_muxi41d_4x
bw_u1_muxi41d_6x
bw_u1_xor2_0p6x
bw_u1_xor2_1x
bw_u1_xor2_2x
bw_u1_xor2_4x
bw_u1_xnor2_0p6x
bw_u1_xnor2_1x
bw_u1_xnor2_2x
bw_u1_xnor2_4x
bw_u1_buf_1x
bw_u1_buf_5x
bw_u1_buf_10x
bw_u1_buf_15x
bw_u1_buf_20x
bw_u1_buf_30x
bw_u1_buf_40x
bw_u1_ao2222_1x
bw_u1_ao2222_2x
bw_u1_ao2222_4x
bw_u1_soff_1x
bw_u1_soff_2x
bw_u1_soff_4x
bw_u1_soffi_4x
bw_u1_soffi_8x
bw_u1_soffm2_4x
bw_u1_soffm2_8x
bw_u1_soffr_2x
bw_u1_soffr_4x
bw_u1_soffr_8x
bw_u1_ckbuf_1p5x
bw_u1_ckbuf_3x
bw_u1_ckbuf_4p5x
bw_u1_ckbuf_6x
bw_u1_ckbuf_7x
bw_u1_ckbuf_8x
bw_u1_ckbuf_11x
bw_u1_ckbuf_14x
bw_u1_ckbuf_17x
bw_u1_ckbuf_19x
bw_u1_ckbuf_22x
bw_u1_ckbuf_25x
bw_u1_ckbuf_28x
bw_u1_ckbuf_30x
bw_u1_ckbuf_33x
bw_u1_ckbuf_40x
bw_u1_ckenbuf_6x
bw_u1_ckenbuf_14x
bw_u1_zhinv_0p6x
bw_u1_zhinv_1x
bw_u1_zhinv_1p4x
bw_u1_zhinv_2x
bw_u1_zhinv_3x
bw_u1_zhinv_4x
bw_u1_zhnand2_0p4x
bw_u1_zhnand2_0p6x
bw_u1_zhnand2_1x
bw_u1_zhnand2_1p4x
bw_u1_zhnand2_2x
bw_u1_zhnand2_3x
bw_u1_zhnand3_0p6x
bw_u1_zhnand3_1x
bw_u1_zhnand3_2x
bw_u1_zhnand4_0p6x
bw_u1_zhnand4_1x
bw_u1_zhnand4_2x
bw_u1_zhnor2_0p6x
bw_u1_zhnor2_1x
bw_u1_zhnor2_2x
bw_u1_zhnor3_0p6x
bw_u1_zhaoi21_0p4x
bw_u1_zhaoi21_1x
bw_u1_zhoai21_1x
bw_u1_zhoai211_0p3x
bw_u1_zhoai211_1x
bw_u1_scanlg_2x
bw_u1_zzeccxor2_5x
bw_u1_zzmulcsa42_5x
bw_u1_zzmulcsa32_5x
bw_u1_zzmulppmuxi21_2x
bw_u1_zzmulnand2_2x
bw_mckbuf_40x
bw_mckbuf_33x
bw_mckbuf_30x
bw_mckbuf_28x
bw_mckbuf_25x
bw_mckbuf_22x
bw_mckbuf_19x
bw_mckbuf_17x
bw_mckbuf_14x
bw_mckbuf_11x
bw_mckbuf_8x
bw_mckbuf_7x
bw_mckbuf_6x
bw_mckbuf_4p5x
bw_mckbuf_3x
bw_mckbuf_1p5x
bw_u1_minbuf_1x
bw_u1_minbuf_4x
bw_u1_minbuf_5x
bw_u1_ckenbuf_4p5x
bw_u1_fill_1x
bw_u1_fill_2x
bw_u1_fill_3x
bw_u1_fill_4x
zznor64_32
zzor36
zzor32
zznor24
zznor16
zzor8
zzadd13
zzadd56
zzadd48
zzadd34c
zzadd32
zzadd18
zzadd8
zzadd32op4
zzadd64
zzadd32v
zzinc64
zzinc48
zzinc32
zzecc_exu_chkecc2
zzecc_sctag_24b_gen
zzecc_sctag_30b_cor
zzecc_sctag_ecc39
zzecc_sctag_pgen_32b
zzpar34
zzpar32
zzpar28
zzpar16
zzpar8
zzpenc64
zzbufh_60x4
zzadd64_lv
zzpar8_lv
zzpar32_lv
zznor64_32_lv
zzpenc64_lv
zzor36_lv
zzpar34_lv
picorv32_regs
picorv32_axi
picorv32_wb
cpx_arbitrator
ccx_l15_transducer
chip_rst_seq
noc_prio_merger
noc_fbits_splitter
noc_simple_merger
noc_simple_splitter
sync_fifo_vr

Total	0 error(s),   4 warning(s)
