#######################################################################################
# fsdb.xxxxx.log : log primitive debug message of FSDB Reader
# This is for R&D to analyze when there are issues happening when FSDB reading
# The corresponding FSDB file is /home/thanhtran/Desktop/WORK/openpiton_pico_3_1/02_sims/wave.fsdb
#######################################################################################
[BASIC]Reader version : Chronologic Simulation VCS Release W-2024.09-SP1_Full64
[BASIC]simulator version : Chronologic Simulation VCS Release W-2024.09-SP1_Full64
[BASIC]dumper version : FSDB Dumper for VCS, Release Verdi_W-2024.09-SP1, Linux x86_64/64bit, 11/30/2024
Async open disabled.
[THREAD]The MTR thread count is 7
[THREAD]Secondary thread count: 3
[PERF]VC decompress count : 1
[PERF]VCChain decompress count : 1
[PERF]VC decompress count : 0
[PERF]VCChain decompress count : 1
[PERF]VC decompress count : 1
[PERF]VCChain decompress count : 1
[PERF]VC decompress count : 0
[PERF]VCChain decompress count : 3
[PERF]VC decompress count : 1
[PERF]VCChain decompress count : 3
[PERF]VC decompress count : 1
[PERF]VCChain decompress count : 2
[READSCOPE]ReadScopeTree calling time is 1
[READSCOPE]ReadScope_PartialLoad calling time is 0
[READSCOPE]Scope read by partial load count is 0
[READSCOPE]Scope read count is 2
[READSCOPE]Decompressed blk is 1
[MAXCHAIN]Decompressed cnt 15
[PERF]VC decompress count : 3
[PERF]VCChain decompress count : 2
[FSDBGate Info] start
[FSDBGate Info] Total fhdb_compute_count = 8252
[FSDBGate Info] end
